<?xml version="1.0" encoding="UTF-8"?>
<!-- Generated by org.testng.reporters.JUnitReportReporter -->
<testsuite hostname="LAPTOP-BL7BE9R9" failures="0" tests="1" name="testScripts.SendContactDetailsTest" time="19.978" errors="0" timestamp="2023-05-25T09:53:43 IST" skipped="0">
  <testcase classname="testScripts.SendContactDetailsTest" name="sendContactDetailsTest" time="19.978"/>
  <system-out/>
</testsuite> <!-- testScripts.SendContactDetailsTest -->
