<?xml version="1.0" encoding="UTF-8"?>
<!-- Generated by org.testng.reporters.JUnitReportReporter -->
<testsuite hostname="LAPTOP-BL7BE9R9" failures="0" tests="1" name="testScripts.AddTestingCourseToMyCartTest" time="25.351" errors="0" timestamp="2023-05-25T09:38:34 IST" skipped="0">
  <testcase classname="testScripts.AddTestingCourseToMyCartTest" name="addPythonToMyCart" time="25.351"/>
  <system-out/>
</testsuite> <!-- testScripts.AddTestingCourseToMyCartTest -->
