<?xml version="1.0" encoding="UTF-8"?>
<!-- Generated by org.testng.reporters.JUnitReportReporter -->
<testsuite hostname="LAPTOP-BL7BE9R9" failures="0" tests="1" name="testScripts.AddToCartTest" time="19.950" errors="0" timestamp="2023-05-25T09:43:33 IST" skipped="0">
  <testcase classname="testScripts.AddToCartTest" name="addToCartTest" time="19.950"/>
  <system-out/>
</testsuite> <!-- testScripts.AddToCartTest -->
